build/app/intermediates/manifest_merge_blame_file/debug/manifest-merger-blame-debug-report.txt
1<?xml version="1.0" encoding="utf-8"?>
2<manifest xmlns:android="http://schemas.android.com/apk/res/android"
3    package="com.onatcipli.superCart"
4    android:versionCode="1"
5    android:versionName="1.0.0" >
6
7    <uses-sdk
8        android:minSdkVersion="23"
9        android:targetSdkVersion="33" />
10    <!--
11         The INTERNET permission is required for development. Specifically,
12         the Flutter tool needs it to communicate with the running application
13         to allow setting breakpoints, to provide hot reload, etc.
14    -->
15    <uses-permission android:name="android.permission.INTERNET" />
15-->src\debug\AndroidManifest.xml:6:5-66
15-->src\debug\AndroidManifest.xml:6:22-64
16    <uses-permission android:name="android.permission.CAMERA" />
16-->[:camera_android] AndroidManifest.xml:9:5-65
16-->[:camera_android] AndroidManifest.xml:9:22-62
17    <uses-permission android:name="android.permission.RECORD_AUDIO" />
17-->[:camera_android] AndroidManifest.xml:10:5-71
17-->[:camera_android] AndroidManifest.xml:10:22-68
18
19    <queries>
19-->[com.facebook.android:facebook-common:16.0.1] AndroidManifest.xml:17:5-19:15
20        <package android:name="com.facebook.katana" />
20-->[com.facebook.android:facebook-common:16.0.1] AndroidManifest.xml:18:9-55
20-->[com.facebook.android:facebook-common:16.0.1] AndroidManifest.xml:18:18-52
21    </queries>
22
23    <uses-permission android:name="android.permission.ACCESS_NETWORK_STATE" />
23-->[com.google.firebase:firebase-auth:22.0.0] AndroidManifest.xml:26:5-79
23-->[com.google.firebase:firebase-auth:22.0.0] AndroidManifest.xml:26:22-76
24    <uses-permission android:name="com.google.android.gms.permission.AD_ID" />
24-->[com.facebook.android:facebook-core:16.0.1] AndroidManifest.xml:16:5-79
24-->[com.facebook.android:facebook-core:16.0.1] AndroidManifest.xml:16:22-76
25
26    <permission
26-->[androidx.core:core:1.10.1] AndroidManifest.xml:22:5-24:47
27        android:name="com.onatcipli.superCart.DYNAMIC_RECEIVER_NOT_EXPORTED_PERMISSION"
27-->[androidx.core:core:1.10.1] AndroidManifest.xml:23:9-81
28        android:protectionLevel="signature" />
28-->[androidx.core:core:1.10.1] AndroidManifest.xml:24:9-44
29
30    <uses-permission android:name="com.onatcipli.superCart.DYNAMIC_RECEIVER_NOT_EXPORTED_PERMISSION" />
30-->[androidx.core:core:1.10.1] AndroidManifest.xml:26:5-97
30-->[androidx.core:core:1.10.1] AndroidManifest.xml:26:22-94
31    <uses-permission android:name="com.google.android.finsky.permission.BIND_GET_INSTALL_REFERRER_SERVICE" />
31-->[com.android.installreferrer:installreferrer:1.0] AndroidManifest.xml:9:5-110
31-->[com.android.installreferrer:installreferrer:1.0] AndroidManifest.xml:9:22-107
32
33    <application
34        android:name="io.flutter.app.FlutterMultiDexApplication"
35        android:appComponentFactory="androidx.core.app.CoreComponentFactory"
35-->[androidx.core:core:1.10.1] AndroidManifest.xml:28:18-86
36        android:debuggable="true"
37        android:extractNativeLibs="false"
38        android:icon="@mipmap/launcher_icon"
39        android:label="Super"
40        android:supportsRtl="true" >
40-->[com.facebook.android:facebook-login:16.0.1] AndroidManifest.xml:16:18-44
41        <activity
42            android:name="com.example.store.MainActivity"
43            android:configChanges="orientation|keyboardHidden|keyboard|screenSize|smallestScreenSize|locale|layoutDirection|fontScale|screenLayout|density|uiMode"
44            android:exported="true"
45            android:hardwareAccelerated="true"
46            android:launchMode="singleTop"
47            android:theme="@style/LaunchTheme"
48            android:windowSoftInputMode="adjustResize" >
49
50            <!--
51                 Specifies an Android theme to apply to this Activity as soon as
52                 the Android process has started. This theme is visible to the user
53                 while the Flutter UI initializes. After that, this theme continues
54                 to determine the Window background behind the Flutter UI.
55            -->
56            <meta-data
57                android:name="io.flutter.embedding.android.NormalTheme"
58                android:resource="@style/NormalTheme" />
59
60            <intent-filter>
61                <action android:name="android.intent.action.MAIN" />
62
63                <category android:name="android.intent.category.LAUNCHER" />
64            </intent-filter>
65        </activity>
66        <!--
67             Don't delete the meta-data below.
68             This is used by the Flutter tool to generate GeneratedPluginRegistrant.java
69        -->
70        <meta-data
71            android:name="flutterEmbedding"
72            android:value="2" />
73
74        <service
74-->[:cloud_firestore] AndroidManifest.xml:10:9-14:19
75            android:name="com.google.firebase.components.ComponentDiscoveryService"
75-->[:cloud_firestore] AndroidManifest.xml:10:18-89
76            android:directBootAware="true"
76-->[com.google.firebase:firebase-common:20.3.2] AndroidManifest.xml:34:13-43
77            android:exported="false" >
77-->[com.google.firebase:firebase-auth:22.0.0] AndroidManifest.xml:68:13-37
78            <meta-data
78-->[:cloud_firestore] AndroidManifest.xml:11:13-13:85
79                android:name="com.google.firebase.components:io.flutter.plugins.firebase.firestore.FlutterFirebaseFirestoreRegistrar"
79-->[:cloud_firestore] AndroidManifest.xml:12:17-134
80                android:value="com.google.firebase.components.ComponentRegistrar" />
80-->[:cloud_firestore] AndroidManifest.xml:13:17-82
81            <meta-data
81-->[:firebase_auth] AndroidManifest.xml:11:13-13:85
82                android:name="com.google.firebase.components:io.flutter.plugins.firebase.auth.FlutterFirebaseAuthRegistrar"
82-->[:firebase_auth] AndroidManifest.xml:12:17-124
83                android:value="com.google.firebase.components.ComponentRegistrar" />
83-->[:firebase_auth] AndroidManifest.xml:13:17-82
84            <meta-data
84-->[:firebase_core] AndroidManifest.xml:11:13-13:85
85                android:name="com.google.firebase.components:io.flutter.plugins.firebase.core.FlutterFirebaseCoreRegistrar"
85-->[:firebase_core] AndroidManifest.xml:12:17-124
86                android:value="com.google.firebase.components.ComponentRegistrar" />
86-->[:firebase_core] AndroidManifest.xml:13:17-82
87            <meta-data
87-->[com.google.firebase:firebase-auth:22.0.0] AndroidManifest.xml:69:13-71:85
88                android:name="com.google.firebase.components:com.google.firebase.auth.FirebaseAuthRegistrar"
88-->[com.google.firebase:firebase-auth:22.0.0] AndroidManifest.xml:70:17-109
89                android:value="com.google.firebase.components.ComponentRegistrar" />
89-->[com.google.firebase:firebase-auth:22.0.0] AndroidManifest.xml:71:17-82
90            <meta-data
90-->[com.google.firebase:firebase-firestore:24.6.0] AndroidManifest.xml:19:13-21:85
91                android:name="com.google.firebase.components:com.google.firebase.firestore.FirestoreRegistrar"
91-->[com.google.firebase:firebase-firestore:24.6.0] AndroidManifest.xml:20:17-111
92                android:value="com.google.firebase.components.ComponentRegistrar" />
92-->[com.google.firebase:firebase-firestore:24.6.0] AndroidManifest.xml:21:17-82
93        </service>
94
95        <provider
95-->[:image_picker_android] AndroidManifest.xml:10:9-18:20
96            android:name="io.flutter.plugins.imagepicker.ImagePickerFileProvider"
96-->[:image_picker_android] AndroidManifest.xml:11:13-82
97            android:authorities="com.onatcipli.superCart.flutter.image_provider"
97-->[:image_picker_android] AndroidManifest.xml:12:13-74
98            android:exported="false"
98-->[:image_picker_android] AndroidManifest.xml:13:13-37
99            android:grantUriPermissions="true" >
99-->[:image_picker_android] AndroidManifest.xml:14:13-47
100            <meta-data
100-->[:image_picker_android] AndroidManifest.xml:15:13-17:75
101                android:name="android.support.FILE_PROVIDER_PATHS"
101-->[:image_picker_android] AndroidManifest.xml:16:17-67
102                android:resource="@xml/flutter_image_picker_file_paths" />
102-->[:image_picker_android] AndroidManifest.xml:17:17-72
103        </provider>
104
105        <activity
105-->[com.facebook.android:facebook-common:16.0.1] AndroidManifest.xml:22:9-25:66
106            android:name="com.facebook.FacebookActivity"
106-->[com.facebook.android:facebook-common:16.0.1] AndroidManifest.xml:23:13-57
107            android:configChanges="keyboard|keyboardHidden|screenLayout|screenSize|orientation"
107-->[com.facebook.android:facebook-common:16.0.1] AndroidManifest.xml:24:13-96
108            android:theme="@style/com_facebook_activity_theme" />
108-->[com.facebook.android:facebook-common:16.0.1] AndroidManifest.xml:25:13-63
109        <activity android:name="com.facebook.CustomTabMainActivity" />
109-->[com.facebook.android:facebook-common:16.0.1] AndroidManifest.xml:26:9-71
109-->[com.facebook.android:facebook-common:16.0.1] AndroidManifest.xml:26:19-68
110        <activity
110-->[com.facebook.android:facebook-common:16.0.1] AndroidManifest.xml:27:9-41:20
111            android:name="com.facebook.CustomTabActivity"
111-->[com.facebook.android:facebook-common:16.0.1] AndroidManifest.xml:28:13-58
112            android:exported="true" >
112-->[com.facebook.android:facebook-common:16.0.1] AndroidManifest.xml:29:13-36
113            <intent-filter>
113-->[com.facebook.android:facebook-common:16.0.1] AndroidManifest.xml:31:13-40:29
114                <action android:name="android.intent.action.VIEW" />
114-->[com.facebook.android:facebook-common:16.0.1] AndroidManifest.xml:32:17-69
114-->[com.facebook.android:facebook-common:16.0.1] AndroidManifest.xml:32:25-66
115
116                <category android:name="android.intent.category.DEFAULT" />
116-->[com.facebook.android:facebook-common:16.0.1] AndroidManifest.xml:34:17-76
116-->[com.facebook.android:facebook-common:16.0.1] AndroidManifest.xml:34:27-73
117                <category android:name="android.intent.category.BROWSABLE" />
117-->[com.facebook.android:facebook-common:16.0.1] AndroidManifest.xml:35:17-78
117-->[com.facebook.android:facebook-common:16.0.1] AndroidManifest.xml:35:27-75
118
119                <data
119-->[com.facebook.android:facebook-common:16.0.1] AndroidManifest.xml:37:17-39:50
120                    android:host="cct.com.onatcipli.superCart"
120-->[com.facebook.android:facebook-common:16.0.1] AndroidManifest.xml:38:21-56
121                    android:scheme="fbconnect" />
121-->[com.facebook.android:facebook-common:16.0.1] AndroidManifest.xml:39:21-47
122            </intent-filter>
123        </activity>
124        <activity
124-->[com.google.android.gms:play-services-auth:20.5.0] AndroidManifest.xml:23:9-27:75
125            android:name="com.google.android.gms.auth.api.signin.internal.SignInHubActivity"
125-->[com.google.android.gms:play-services-auth:20.5.0] AndroidManifest.xml:24:13-93
126            android:excludeFromRecents="true"
126-->[com.google.android.gms:play-services-auth:20.5.0] AndroidManifest.xml:25:13-46
127            android:exported="false"
127-->[com.google.android.gms:play-services-auth:20.5.0] AndroidManifest.xml:26:13-37
128            android:theme="@android:style/Theme.Translucent.NoTitleBar" />
128-->[com.google.android.gms:play-services-auth:20.5.0] AndroidManifest.xml:27:13-72
129        <!--
130            Service handling Google Sign-In user revocation. For apps that do not integrate with
131            Google Sign-In, this service will never be started.
132        -->
133        <service
133-->[com.google.android.gms:play-services-auth:20.5.0] AndroidManifest.xml:33:9-37:51
134            android:name="com.google.android.gms.auth.api.signin.RevocationBoundService"
134-->[com.google.android.gms:play-services-auth:20.5.0] AndroidManifest.xml:34:13-89
135            android:exported="true"
135-->[com.google.android.gms:play-services-auth:20.5.0] AndroidManifest.xml:35:13-36
136            android:permission="com.google.android.gms.auth.api.signin.permission.REVOCATION_NOTIFICATION"
136-->[com.google.android.gms:play-services-auth:20.5.0] AndroidManifest.xml:36:13-107
137            android:visibleToInstantApps="true" />
137-->[com.google.android.gms:play-services-auth:20.5.0] AndroidManifest.xml:37:13-48
138
139        <activity
139-->[com.google.firebase:firebase-auth:22.0.0] AndroidManifest.xml:29:9-46:20
140            android:name="com.google.firebase.auth.internal.GenericIdpActivity"
140-->[com.google.firebase:firebase-auth:22.0.0] AndroidManifest.xml:30:13-80
141            android:excludeFromRecents="true"
141-->[com.google.firebase:firebase-auth:22.0.0] AndroidManifest.xml:31:13-46
142            android:exported="true"
142-->[com.google.firebase:firebase-auth:22.0.0] AndroidManifest.xml:32:13-36
143            android:launchMode="singleTask"
143-->[com.google.firebase:firebase-auth:22.0.0] AndroidManifest.xml:33:13-44
144            android:theme="@android:style/Theme.Translucent.NoTitleBar" >
144-->[com.google.firebase:firebase-auth:22.0.0] AndroidManifest.xml:34:13-72
145            <intent-filter>
145-->[com.google.firebase:firebase-auth:22.0.0] AndroidManifest.xml:35:13-45:29
146                <action android:name="android.intent.action.VIEW" />
146-->[com.facebook.android:facebook-common:16.0.1] AndroidManifest.xml:32:17-69
146-->[com.facebook.android:facebook-common:16.0.1] AndroidManifest.xml:32:25-66
147
148                <category android:name="android.intent.category.DEFAULT" />
148-->[com.facebook.android:facebook-common:16.0.1] AndroidManifest.xml:34:17-76
148-->[com.facebook.android:facebook-common:16.0.1] AndroidManifest.xml:34:27-73
149                <category android:name="android.intent.category.BROWSABLE" />
149-->[com.facebook.android:facebook-common:16.0.1] AndroidManifest.xml:35:17-78
149-->[com.facebook.android:facebook-common:16.0.1] AndroidManifest.xml:35:27-75
150
151                <data
151-->[com.facebook.android:facebook-common:16.0.1] AndroidManifest.xml:37:17-39:50
152                    android:host="firebase.auth"
152-->[com.facebook.android:facebook-common:16.0.1] AndroidManifest.xml:38:21-56
153                    android:path="/"
154                    android:scheme="genericidp" />
154-->[com.facebook.android:facebook-common:16.0.1] AndroidManifest.xml:39:21-47
155            </intent-filter>
156        </activity>
157        <activity
157-->[com.google.firebase:firebase-auth:22.0.0] AndroidManifest.xml:47:9-64:20
158            android:name="com.google.firebase.auth.internal.RecaptchaActivity"
158-->[com.google.firebase:firebase-auth:22.0.0] AndroidManifest.xml:48:13-79
159            android:excludeFromRecents="true"
159-->[com.google.firebase:firebase-auth:22.0.0] AndroidManifest.xml:49:13-46
160            android:exported="true"
160-->[com.google.firebase:firebase-auth:22.0.0] AndroidManifest.xml:50:13-36
161            android:launchMode="singleTask"
161-->[com.google.firebase:firebase-auth:22.0.0] AndroidManifest.xml:51:13-44
162            android:theme="@android:style/Theme.Translucent.NoTitleBar" >
162-->[com.google.firebase:firebase-auth:22.0.0] AndroidManifest.xml:52:13-72
163            <intent-filter>
163-->[com.google.firebase:firebase-auth:22.0.0] AndroidManifest.xml:53:13-63:29
164                <action android:name="android.intent.action.VIEW" />
164-->[com.facebook.android:facebook-common:16.0.1] AndroidManifest.xml:32:17-69
164-->[com.facebook.android:facebook-common:16.0.1] AndroidManifest.xml:32:25-66
165
166                <category android:name="android.intent.category.DEFAULT" />
166-->[com.facebook.android:facebook-common:16.0.1] AndroidManifest.xml:34:17-76
166-->[com.facebook.android:facebook-common:16.0.1] AndroidManifest.xml:34:27-73
167                <category android:name="android.intent.category.BROWSABLE" />
167-->[com.facebook.android:facebook-common:16.0.1] AndroidManifest.xml:35:17-78
167-->[com.facebook.android:facebook-common:16.0.1] AndroidManifest.xml:35:27-75
168
169                <data
169-->[com.facebook.android:facebook-common:16.0.1] AndroidManifest.xml:37:17-39:50
170                    android:host="firebase.auth"
170-->[com.facebook.android:facebook-common:16.0.1] AndroidManifest.xml:38:21-56
171                    android:path="/"
172                    android:scheme="recaptcha" />
172-->[com.facebook.android:facebook-common:16.0.1] AndroidManifest.xml:39:21-47
173            </intent-filter>
174        </activity>
175        <activity
175-->[com.google.android.gms:play-services-base:18.0.1] AndroidManifest.xml:20:9-22:45
176            android:name="com.google.android.gms.common.api.GoogleApiActivity"
176-->[com.google.android.gms:play-services-base:18.0.1] AndroidManifest.xml:20:19-85
177            android:exported="false"
177-->[com.google.android.gms:play-services-base:18.0.1] AndroidManifest.xml:22:19-43
178            android:theme="@android:style/Theme.Translucent.NoTitleBar" />
178-->[com.google.android.gms:play-services-base:18.0.1] AndroidManifest.xml:21:19-78
179
180        <provider
180-->[com.google.firebase:firebase-common:20.3.2] AndroidManifest.xml:25:9-30:39
181            android:name="com.google.firebase.provider.FirebaseInitProvider"
181-->[com.google.firebase:firebase-common:20.3.2] AndroidManifest.xml:26:13-77
182            android:authorities="com.onatcipli.superCart.firebaseinitprovider"
182-->[com.google.firebase:firebase-common:20.3.2] AndroidManifest.xml:27:13-72
183            android:directBootAware="true"
183-->[com.google.firebase:firebase-common:20.3.2] AndroidManifest.xml:28:13-43
184            android:exported="false"
184-->[com.google.firebase:firebase-common:20.3.2] AndroidManifest.xml:29:13-37
185            android:initOrder="100" />
185-->[com.google.firebase:firebase-common:20.3.2] AndroidManifest.xml:30:13-36
186
187        <meta-data
187-->[com.google.android.gms:play-services-basement:18.2.0] AndroidManifest.xml:21:9-23:69
188            android:name="com.google.android.gms.version"
188-->[com.google.android.gms:play-services-basement:18.2.0] AndroidManifest.xml:22:13-58
189            android:value="@integer/google_play_services_version" />
189-->[com.google.android.gms:play-services-basement:18.2.0] AndroidManifest.xml:23:13-66
190        <!--
191         The initialization ContentProvider will call FacebookSdk.sdkInitialize automatically
192         with the application context. This config is merged in with the host app's manifest,
193         but there can only be one provider with the same authority activated at any given
194         point; so if the end user has two or more different apps that use Facebook SDK, only the
195         first one will be able to use the provider. To work around this problem, we use the
196         following placeholder in the authority to identify each host application as if it was
197         a completely different provider.
198        -->
199        <provider
199-->[com.facebook.android:facebook-core:16.0.1] AndroidManifest.xml:29:9-32:40
200            android:name="com.facebook.internal.FacebookInitProvider"
200-->[com.facebook.android:facebook-core:16.0.1] AndroidManifest.xml:30:13-70
201            android:authorities="com.onatcipli.superCart.FacebookInitProvider"
201-->[com.facebook.android:facebook-core:16.0.1] AndroidManifest.xml:31:13-72
202            android:exported="false" />
202-->[com.facebook.android:facebook-core:16.0.1] AndroidManifest.xml:32:13-37
203
204        <receiver
204-->[com.facebook.android:facebook-core:16.0.1] AndroidManifest.xml:34:9-40:20
205            android:name="com.facebook.CurrentAccessTokenExpirationBroadcastReceiver"
205-->[com.facebook.android:facebook-core:16.0.1] AndroidManifest.xml:35:13-86
206            android:exported="false" >
206-->[com.facebook.android:facebook-core:16.0.1] AndroidManifest.xml:36:13-37
207            <intent-filter>
207-->[com.facebook.android:facebook-core:16.0.1] AndroidManifest.xml:37:13-39:29
208                <action android:name="com.facebook.sdk.ACTION_CURRENT_ACCESS_TOKEN_CHANGED" />
208-->[com.facebook.android:facebook-core:16.0.1] AndroidManifest.xml:38:17-95
208-->[com.facebook.android:facebook-core:16.0.1] AndroidManifest.xml:38:25-92
209            </intent-filter>
210        </receiver>
211        <receiver
211-->[com.facebook.android:facebook-core:16.0.1] AndroidManifest.xml:41:9-47:20
212            android:name="com.facebook.AuthenticationTokenManager$CurrentAuthenticationTokenChangedBroadcastReceiver"
212-->[com.facebook.android:facebook-core:16.0.1] AndroidManifest.xml:42:13-118
213            android:exported="false" >
213-->[com.facebook.android:facebook-core:16.0.1] AndroidManifest.xml:43:13-37
214            <intent-filter>
214-->[com.facebook.android:facebook-core:16.0.1] AndroidManifest.xml:44:13-46:29
215                <action android:name="com.facebook.sdk.ACTION_CURRENT_AUTHENTICATION_TOKEN_CHANGED" />
215-->[com.facebook.android:facebook-core:16.0.1] AndroidManifest.xml:45:17-103
215-->[com.facebook.android:facebook-core:16.0.1] AndroidManifest.xml:45:25-100
216            </intent-filter>
217        </receiver>
218
219        <uses-library
219-->[androidx.window:window:1.0.0-beta04] AndroidManifest.xml:25:9-27:40
220            android:name="androidx.window.extensions"
220-->[androidx.window:window:1.0.0-beta04] AndroidManifest.xml:26:13-54
221            android:required="false" />
221-->[androidx.window:window:1.0.0-beta04] AndroidManifest.xml:27:13-37
222        <uses-library
222-->[androidx.window:window:1.0.0-beta04] AndroidManifest.xml:28:9-30:40
223            android:name="androidx.window.sidecar"
223-->[androidx.window:window:1.0.0-beta04] AndroidManifest.xml:29:13-51
224            android:required="false" />
224-->[androidx.window:window:1.0.0-beta04] AndroidManifest.xml:30:13-37
225
226        <provider
226-->[androidx.profileinstaller:profileinstaller:1.3.0] AndroidManifest.xml:24:9-32:20
227            android:name="androidx.startup.InitializationProvider"
227-->[androidx.profileinstaller:profileinstaller:1.3.0] AndroidManifest.xml:25:13-67
228            android:authorities="com.onatcipli.superCart.androidx-startup"
228-->[androidx.profileinstaller:profileinstaller:1.3.0] AndroidManifest.xml:26:13-68
229            android:exported="false" >
229-->[androidx.profileinstaller:profileinstaller:1.3.0] AndroidManifest.xml:27:13-37
230            <meta-data
230-->[androidx.profileinstaller:profileinstaller:1.3.0] AndroidManifest.xml:29:13-31:52
231                android:name="androidx.profileinstaller.ProfileInstallerInitializer"
231-->[androidx.profileinstaller:profileinstaller:1.3.0] AndroidManifest.xml:30:17-85
232                android:value="androidx.startup" />
232-->[androidx.profileinstaller:profileinstaller:1.3.0] AndroidManifest.xml:31:17-49
233        </provider>
234
235        <receiver
235-->[androidx.profileinstaller:profileinstaller:1.3.0] AndroidManifest.xml:34:9-52:20
236            android:name="androidx.profileinstaller.ProfileInstallReceiver"
236-->[androidx.profileinstaller:profileinstaller:1.3.0] AndroidManifest.xml:35:13-76
237            android:directBootAware="false"
237-->[androidx.profileinstaller:profileinstaller:1.3.0] AndroidManifest.xml:36:13-44
238            android:enabled="true"
238-->[androidx.profileinstaller:profileinstaller:1.3.0] AndroidManifest.xml:37:13-35
239            android:exported="true"
239-->[androidx.profileinstaller:profileinstaller:1.3.0] AndroidManifest.xml:38:13-36
240            android:permission="android.permission.DUMP" >
240-->[androidx.profileinstaller:profileinstaller:1.3.0] AndroidManifest.xml:39:13-57
241            <intent-filter>
241-->[androidx.profileinstaller:profileinstaller:1.3.0] AndroidManifest.xml:40:13-42:29
242                <action android:name="androidx.profileinstaller.action.INSTALL_PROFILE" />
242-->[androidx.profileinstaller:profileinstaller:1.3.0] AndroidManifest.xml:41:17-91
242-->[androidx.profileinstaller:profileinstaller:1.3.0] AndroidManifest.xml:41:25-88
243            </intent-filter>
244            <intent-filter>
244-->[androidx.profileinstaller:profileinstaller:1.3.0] AndroidManifest.xml:43:13-45:29
245                <action android:name="androidx.profileinstaller.action.SKIP_FILE" />
245-->[androidx.profileinstaller:profileinstaller:1.3.0] AndroidManifest.xml:44:17-85
245-->[androidx.profileinstaller:profileinstaller:1.3.0] AndroidManifest.xml:44:25-82
246            </intent-filter>
247            <intent-filter>
247-->[androidx.profileinstaller:profileinstaller:1.3.0] AndroidManifest.xml:46:13-48:29
248                <action android:name="androidx.profileinstaller.action.SAVE_PROFILE" />
248-->[androidx.profileinstaller:profileinstaller:1.3.0] AndroidManifest.xml:47:17-88
248-->[androidx.profileinstaller:profileinstaller:1.3.0] AndroidManifest.xml:47:25-85
249            </intent-filter>
250            <intent-filter>
250-->[androidx.profileinstaller:profileinstaller:1.3.0] AndroidManifest.xml:49:13-51:29
251                <action android:name="androidx.profileinstaller.action.BENCHMARK_OPERATION" />
251-->[androidx.profileinstaller:profileinstaller:1.3.0] AndroidManifest.xml:50:17-95
251-->[androidx.profileinstaller:profileinstaller:1.3.0] AndroidManifest.xml:50:25-92
252            </intent-filter>
253        </receiver>
254    </application>
255
256</manifest>